<?xml version="1.0" encoding="utf-8"?><testsuites name="pytest tests"><testsuite name="pytest" errors="0" failures="0" skipped="0" tests="23" time="32.957" timestamp="2026-03-20T16:29:57.804990+00:00" hostname="agent-env-54b1dd40-a317-4b25-8a09-8582177fb067"><testcase classname="backend.tests.test_new_features_v10.TestNearbyDistricts" name="test_nearby_districts_colombo" time="0.343" /><testcase classname="backend.tests.test_new_features_v10.TestNearbyDistricts" name="test_nearby_districts_kandy" time="0.136" /><testcase classname="backend.tests.test_new_features_v10.TestNearbyDistricts" name="test_nearby_districts_invalid" time="0.118" /><testcase classname="backend.tests.test_new_features_v10.TestNearbyHandymen" name="test_nearby_handymen_colombo" time="0.353" /><testcase classname="backend.tests.test_new_features_v10.TestNearbyHandymen" name="test_nearby_handymen_with_service_filter" time="0.366" /><testcase classname="backend.tests.test_new_features_v10.TestNearbyHandymen" name="test_nearby_handymen_sorted_by_distance" time="0.370" /><testcase classname="backend.tests.test_new_features_v10.TestNearbyHandymen" name="test_nearby_handymen_with_radius" time="0.342" /><testcase classname="backend.tests.test_new_features_v10.TestAdminCSVImport" name="test_csv_template_download" time="0.723" /><testcase classname="backend.tests.test_new_features_v10.TestAdminCSVImport" name="test_csv_import_valid" time="1.288" /><testcase classname="backend.tests.test_new_features_v10.TestAdminCSVImport" name="test_csv_import_duplicate_email" time="0.613" /><testcase classname="backend.tests.test_new_features_v10.TestAdminCSVImport" name="test_csv_import_missing_required_fields" time="0.362" /><testcase classname="backend.tests.test_new_features_v10.TestAdminCSVImport" name="test_csv_import_non_csv_file" time="0.372" /><testcase classname="backend.tests.test_new_features_v10.TestAdminCSVImport" name="test_csv_import_requires_admin" time="0.117" /><testcase classname="backend.tests.test_new_features_v10.TestAdminAnalytics" name="test_analytics_endpoint_structure" time="3.516" /><testcase classname="backend.tests.test_new_features_v10.TestAdminAnalytics" name="test_analytics_bookings_by_status" time="2.938" /><testcase classname="backend.tests.test_new_features_v10.TestAdminAnalytics" name="test_analytics_bookings_daily" time="2.968" /><testcase classname="backend.tests.test_new_features_v10.TestAdminAnalytics" name="test_analytics_top_services" time="2.936" /><testcase classname="backend.tests.test_new_features_v10.TestAdminAnalytics" name="test_analytics_top_handymen" time="2.981" /><testcase classname="backend.tests.test_new_features_v10.TestAdminAnalytics" name="test_analytics_user_growth" time="2.957" /><testcase classname="backend.tests.test_new_features_v10.TestAdminAnalytics" name="test_analytics_bookings_by_district" time="2.952" /><testcase classname="backend.tests.test_new_features_v10.TestAdminAnalytics" name="test_analytics_revenue_summary" time="2.941" /><testcase classname="backend.tests.test_new_features_v10.TestAdminAnalytics" name="test_analytics_totals" time="2.971" /><testcase classname="backend.tests.test_new_features_v10.TestAdminAnalytics" name="test_analytics_requires_admin" time="0.148" /></testsuite></testsuites>