<?xml version="1.0" encoding="utf-8"?><testsuites name="pytest tests"><testsuite name="pytest" errors="0" failures="0" skipped="0" tests="18" time="27.937" timestamp="2026-03-20T11:16:25.011023+00:00" hostname="agent-env-ff675bb3-4519-4043-be36-be78f321f627"><testcase classname="backend.tests.test_chat_notifications_payhere.TestChatNotificationsPayHere" name="test_send_chat_message_customer" time="7.569" /><testcase classname="backend.tests.test_chat_notifications_payhere.TestChatNotificationsPayHere" name="test_send_chat_message_handyman" time="1.073" /><testcase classname="backend.tests.test_chat_notifications_payhere.TestChatNotificationsPayHere" name="test_get_chat_messages" time="1.056" /><testcase classname="backend.tests.test_chat_notifications_payhere.TestChatNotificationsPayHere" name="test_get_chat_messages_unauthorized" time="1.422" /><testcase classname="backend.tests.test_chat_notifications_payhere.TestChatNotificationsPayHere" name="test_send_chat_unauthorized" time="1.405" /><testcase classname="backend.tests.test_chat_notifications_payhere.TestChatNotificationsPayHere" name="test_get_conversations_list" time="1.048" /><testcase classname="backend.tests.test_chat_notifications_payhere.TestChatNotificationsPayHere" name="test_chat_on_nonexistent_booking" time="0.584" /><testcase classname="backend.tests.test_chat_notifications_payhere.TestChatNotificationsPayHere" name="test_get_notifications" time="1.063" /><testcase classname="backend.tests.test_chat_notifications_payhere.TestChatNotificationsPayHere" name="test_customer_notifications_from_quote" time="0.567" /><testcase classname="backend.tests.test_chat_notifications_payhere.TestChatNotificationsPayHere" name="test_mark_single_notification_read" time="1.182" /><testcase classname="backend.tests.test_chat_notifications_payhere.TestChatNotificationsPayHere" name="test_mark_all_notifications_read" time="1.149" /><testcase classname="backend.tests.test_chat_notifications_payhere.TestChatNotificationsPayHere" name="test_chat_creates_notification" time="2.518" /><testcase classname="backend.tests.test_chat_notifications_payhere.TestChatNotificationsPayHere" name="test_payhere_not_configured" time="0.577" /><testcase classname="backend.tests.test_chat_notifications_payhere.TestChatNotificationsPayHere" name="test_payhere_booking_not_found" time="0.617" /><testcase classname="backend.tests.test_chat_notifications_payhere.TestChatNotificationsPayHere" name="test_booking_status_notifications" time="2.468" /><testcase classname="backend.tests.test_chat_notifications_payhere.TestChatNotificationsPayHere" name="test_existing_services_endpoint" time="0.101" /><testcase classname="backend.tests.test_chat_notifications_payhere.TestChatNotificationsPayHere" name="test_existing_auth_login" time="0.562" /><testcase classname="backend.tests.test_chat_notifications_payhere.TestChatNotificationsPayHere" name="test_existing_admin_stats" time="2.763" /></testsuite></testsuites>