<?xml version="1.0" encoding="utf-8"?><testsuites name="pytest tests"><testsuite name="pytest" errors="1" failures="0" skipped="0" tests="17" time="38.188" timestamp="2026-03-20T07:45:51.784664+00:00" hostname="agent-env-ff675bb3-4519-4043-be36-be78f321f627"><testcase classname="backend.tests.test_new_features_v7.TestTextSearchEndpoint" name="test_search_endpoint_exists" time="0.747" /><testcase classname="backend.tests.test_new_features_v7.TestTextSearchEndpoint" name="test_search_empty_query" time="0.578" /><testcase classname="backend.tests.test_new_features_v7.TestTextSearchEndpoint" name="test_search_with_district_filter" time="0.585" /><testcase classname="backend.tests.test_new_features_v7.TestTextSearchEndpoint" name="test_search_case_insensitive" time="1.194" /><testcase classname="backend.tests.test_new_features_v7.TestTopRatedEndpoint" name="test_top_rated_endpoint_exists" time="0.345" /><testcase classname="backend.tests.test_new_features_v7.TestTopRatedEndpoint" name="test_top_rated_with_limit" time="0.343" /><testcase classname="backend.tests.test_new_features_v7.TestTopRatedEndpoint" name="test_top_rated_only_has_rated_handymen" time="0.343" /><testcase classname="backend.tests.test_new_features_v7.TestShopRegistration" name="test_register_shop" time="0.828" /><testcase classname="backend.tests.test_new_features_v7.TestShopRegistration" name="test_shop_login" time="1.397" /><testcase classname="backend.tests.test_new_features_v7.TestShopAddHandyman" name="test_shop_add_handyman" time="3.990" /><testcase classname="backend.tests.test_new_features_v7.TestShopAddHandyman" name="test_shop_add_duplicate_email_fails" time="0.344"><error message="failed on setup with &quot;KeyError: 'access_token'&quot;">backend/tests/test_new_features_v7.py:158: in shop_with_token
    shop_token = reg_res.json()["access_token"]
                 ^^^^^^^^^^^^^^^^^^^^^^^^^^^^^^
E   KeyError: 'access_token'</error></testcase><testcase classname="backend.tests.test_new_features_v7.TestShopAddHandyman" name="test_non_shop_cannot_add_handyman" time="1.238" /><testcase classname="backend.tests.test_new_features_v7.TestShopMyHandymen" name="test_shop_list_my_handymen" time="5.994" /><testcase classname="backend.tests.test_new_features_v7.TestShopMyHandymen" name="test_non_shop_cannot_list_handymen" time="1.139" /><testcase classname="backend.tests.test_new_features_v7.TestShopRemoveHandyman" name="test_shop_remove_handyman" time="4.941" /><testcase classname="backend.tests.test_new_features_v7.TestShopRemoveHandyman" name="test_shop_cannot_remove_other_shops_handyman" time="6.884" /><testcase classname="backend.tests.test_new_features_v7.TestFullShopFlow" name="test_full_shop_handyman_flow" time="7.195" /></testsuite></testsuites>