<?xml version="1.0" encoding="utf-8"?><testsuites name="pytest tests"><testsuite name="pytest" errors="0" failures="1" skipped="0" tests="20" time="69.362" timestamp="2026-03-20T09:14:19.356299+00:00" hostname="agent-env-ff675bb3-4519-4043-be36-be78f321f627"><testcase classname="backend.tests.test_billing_accounting_v8.TestBillingCalculation" name="test_calculate_billing_example_5000" time="0.000" /><testcase classname="backend.tests.test_billing_accounting_v8.TestQuotePriceEndpoint" name="test_handyman_quote_price_success" time="6.170" /><testcase classname="backend.tests.test_billing_accounting_v8.TestQuotePriceEndpoint" name="test_quote_updates_booking_status_to_quoted" time="5.459"><failure message="assert 3910.5 == 3898.95">backend/tests/test_billing_accounting_v8.py:225: in test_quote_updates_booking_status_to_quoted
    assert booking["total"] == 3898.95  # 3000 + 300(fee) = 3300 * 1.185 = 3910.5 (rounded)
    ^^^^^^^^^^^^^^^^^^^^^^^^^^^^^^^^^^
E   assert 3910.5 == 3898.95</failure></testcase><testcase classname="backend.tests.test_billing_accounting_v8.TestQuotePriceEndpoint" name="test_customer_cannot_quote_price" time="4.471" /><testcase classname="backend.tests.test_billing_accounting_v8.TestQuotePriceEndpoint" name="test_handyman_cannot_quote_others_booking" time="5.557" /><testcase classname="backend.tests.test_billing_accounting_v8.TestBillingEndpoint" name="test_get_billing_after_quote" time="5.506" /><testcase classname="backend.tests.test_billing_accounting_v8.TestBillingEndpoint" name="test_handyman_can_view_own_booking_billing" time="5.613" /><testcase classname="backend.tests.test_billing_accounting_v8.TestStripeCheckout" name="test_create_checkout_for_quoted_booking" time="6.789" /><testcase classname="backend.tests.test_billing_accounting_v8.TestStripeCheckout" name="test_checkout_requires_quoted_booking" time="4.685" /><testcase classname="backend.tests.test_billing_accounting_v8.TestStripeCheckout" name="test_handyman_cannot_create_checkout" time="5.465" /><testcase classname="backend.tests.test_billing_accounting_v8.TestPaymentStatus" name="test_get_payment_status_invalid_session" time="1.319" /><testcase classname="backend.tests.test_billing_accounting_v8.TestAdminAccounting" name="test_admin_accounting_endpoint" time="1.341" /><testcase classname="backend.tests.test_billing_accounting_v8.TestAdminAccounting" name="test_non_admin_cannot_access_accounting" time="1.115" /><testcase classname="backend.tests.test_billing_accounting_v8.TestPayoutManagement" name="test_admin_mark_payout_paid" time="1.366" /><testcase classname="backend.tests.test_billing_accounting_v8.TestPayoutManagement" name="test_mark_nonexistent_payout_fails" time="1.134" /><testcase classname="backend.tests.test_billing_accounting_v8.TestPayoutManagement" name="test_non_admin_cannot_mark_payout" time="2.891" /><testcase classname="backend.tests.test_billing_accounting_v8.TestFullBillingFlow" name="test_full_billing_flow" time="6.440" /><testcase classname="backend.tests.test_billing_accounting_v8.TestExistingFeatures" name="test_services_endpoint" time="0.135" /><testcase classname="backend.tests.test_billing_accounting_v8.TestExistingFeatures" name="test_handymen_search" time="0.858" /><testcase classname="backend.tests.test_billing_accounting_v8.TestExistingFeatures" name="test_admin_statistics" time="2.782" /></testsuite></testsuites>