<?xml version="1.0" encoding="utf-8"?><testsuites name="pytest tests"><testsuite name="pytest" errors="0" failures="0" skipped="0" tests="11" time="46.262" timestamp="2026-03-20T19:19:19.321003+00:00" hostname="agent-env-54b1dd40-a317-4b25-8a09-8582177fb067"><testcase classname="backend.tests.test_payment_features_v11.TestBankQREndpoint" name="test_bank_qr_returns_url" time="0.633" /><testcase classname="backend.tests.test_payment_features_v11.TestPaymentFlows" name="test_cod_payment_flow" time="7.817" /><testcase classname="backend.tests.test_payment_features_v11.TestPaymentFlows" name="test_bank_transfer_payment_flow" time="4.608" /><testcase classname="backend.tests.test_payment_features_v11.TestPaymentFlows" name="test_admin_verify_bank_payment" time="5.909" /><testcase classname="backend.tests.test_payment_features_v11.TestPaymentFlows" name="test_admin_verify_requires_admin_role" time="4.656" /><testcase classname="backend.tests.test_payment_features_v11.TestPaymentFlows" name="test_cod_requires_quoted_booking" time="1.896" /><testcase classname="backend.tests.test_payment_features_v11.TestPaymentFlows" name="test_bank_transfer_requires_quoted_booking" time="1.645" /><testcase classname="backend.tests.test_payment_features_v11.TestPaymentFlows" name="test_stripe_checkout_still_works" time="3.818" /><testcase classname="backend.tests.test_payment_features_v11.TestPaymentEdgeCases" name="test_cannot_pay_already_paid_booking" time="10.308" /><testcase classname="backend.tests.test_payment_features_v11.TestPaymentEdgeCases" name="test_only_booking_owner_can_pay" time="3.526" /><testcase classname="backend.tests.test_payment_features_v11.TestPaymentEdgeCases" name="test_invalid_booking_id" time="1.204" /></testsuite></testsuites>