<?xml version="1.0" encoding="utf-8"?><testsuites name="pytest tests"><testsuite name="pytest" errors="0" failures="0" skipped="0" tests="24" time="22.312" timestamp="2026-03-20T07:04:01.498715+00:00" hostname="agent-env-ff675bb3-4519-4043-be36-be78f321f627"><testcase classname="backend.tests.test_bassbass_api.TestAPIHealth" name="test_api_root" time="0.183" /><testcase classname="backend.tests.test_bassbass_api.TestServicesEndpoint" name="test_get_services" time="0.134" /><testcase classname="backend.tests.test_bassbass_api.TestUserRegistration" name="test_register_customer" time="0.836" /><testcase classname="backend.tests.test_bassbass_api.TestUserRegistration" name="test_register_handyman" time="0.806" /><testcase classname="backend.tests.test_bassbass_api.TestUserRegistration" name="test_register_duplicate_email" time="0.339" /><testcase classname="backend.tests.test_bassbass_api.TestUserLogin" name="test_admin_login" time="0.600" /><testcase classname="backend.tests.test_bassbass_api.TestUserLogin" name="test_login_invalid_credentials" time="0.341" /><testcase classname="backend.tests.test_bassbass_api.TestUserLogin" name="test_login_wrong_password" time="0.569" /><testcase classname="backend.tests.test_bassbass_api.TestAuthMe" name="test_get_me_authenticated" time="0.905" /><testcase classname="backend.tests.test_bassbass_api.TestAuthMe" name="test_get_me_unauthenticated" time="0.094" /><testcase classname="backend.tests.test_bassbass_api.TestHandymenList" name="test_list_handymen" time="0.581" /><testcase classname="backend.tests.test_bassbass_api.TestHandymenList" name="test_list_handymen_filter_service" time="0.597" /><testcase classname="backend.tests.test_bassbass_api.TestHandymenList" name="test_list_handymen_filter_district" time="0.577" /><testcase classname="backend.tests.test_bassbass_api.TestHandymanProfile" name="test_create_profile" time="1.380" /><testcase classname="backend.tests.test_bassbass_api.TestHandymanProfile" name="test_get_my_profile" time="1.421" /><testcase classname="backend.tests.test_bassbass_api.TestAdminEndpoints" name="test_admin_statistics" time="2.820" /><testcase classname="backend.tests.test_bassbass_api.TestAdminEndpoints" name="test_admin_pending_approvals" time="4.061" /><testcase classname="backend.tests.test_bassbass_api.TestAdminEndpoints" name="test_admin_users_list" time="1.145" /><testcase classname="backend.tests.test_bassbass_api.TestAdminEndpoints" name="test_admin_users_filter_role" time="1.167" /><testcase classname="backend.tests.test_bassbass_api.TestAdminEndpoints" name="test_admin_statistics_unauthorized" time="1.161" /><testcase classname="backend.tests.test_bassbass_api.TestApprovalFlow" name="test_approve_handyman_flow" time="2.211" /><testcase classname="backend.tests.test_bassbass_api.TestBookingFlow" name="test_booking_requires_auth" time="0.094" /><testcase classname="backend.tests.test_bassbass_api.TestBookingFlow" name="test_my_bookings_requires_auth" time="0.101" /><testcase classname="backend.tests.test_bassbass_api.TestReviewEndpoint" name="test_review_requires_auth" time="0.125" /></testsuite></testsuites>