<?xml version="1.0" encoding="utf-8"?><testsuites name="pytest tests"><testsuite name="pytest" errors="0" failures="0" skipped="0" tests="15" time="19.886" timestamp="2026-03-20T05:31:58.182683+00:00" hostname="agent-env-46e78f9a-f14e-455f-87b9-bbf7d39e8d97"><testcase classname="backend.tests.test_new_features.TestAPIHealth" name="test_api_operational" time="0.226" /><testcase classname="backend.tests.test_new_features.TestAdminLogin" name="test_admin_login_success" time="0.564" /><testcase classname="backend.tests.test_new_features.TestMarkerLogin" name="test_marker_login_success" time="0.569" /><testcase classname="backend.tests.test_new_features.TestAdminStatisticsNewFields" name="test_admin_statistics_has_all_required_fields" time="3.293" /><testcase classname="backend.tests.test_new_features.TestMarkerBankDetails" name="test_get_marker_bank_details" time="1.219" /><testcase classname="backend.tests.test_new_features.TestMarkerBankDetails" name="test_update_marker_bank_details" time="1.725" /><testcase classname="backend.tests.test_new_features.TestMarkerPayments" name="test_get_marker_own_payments" time="1.135" /><testcase classname="backend.tests.test_new_features.TestAdminMarkerPayments" name="test_admin_get_all_marker_payments" time="1.380" /><testcase classname="backend.tests.test_new_features.TestAdminMarkerPayments" name="test_admin_pay_marker_endpoint" time="2.010" /><testcase classname="backend.tests.test_new_features.TestCSVStudentImport" name="test_csv_import_endpoint_exists" time="2.994" /><testcase classname="backend.tests.test_new_features.TestCSVStudentImport" name="test_csv_import_with_existing_email" time="1.138" /><testcase classname="backend.tests.test_new_features.TestCSVStudentImport" name="test_csv_import_requires_admin_auth" time="0.132" /><testcase classname="backend.tests.test_new_features.TestAdminUsersWithSchool" name="test_user_list_includes_school_field" time="1.181" /><testcase classname="backend.tests.test_new_features.TestBatchesWithTeacherIncharge" name="test_create_batch_with_teacher_incharge" time="1.140" /><testcase classname="backend.tests.test_new_features.TestBatchesWithTeacherIncharge" name="test_list_batches_shows_teacher_incharge" time="1.123" /></testsuite></testsuites>